{
  "RSpec": {
    "coverage": {
      "/mnt/c/workspace/teste_fullstack/config/environment.rb": [
        null,
        1,
        null,
        null,
        1
      ],
      "/mnt/c/workspace/teste_fullstack/config/application.rb": [
        1,
        null,
        1,
        null,
        1,
        1,
        1,
        1,
        1,
        1,
        1,
        1,
        1,
        null,
        null,
        null,
        null,
        1,
        null,
        1,
        1,
        null,
        1,
        null,
        1,
        1,
        null,
        1,
        1,
        1,
        1,
        null,
        null
      ],
      "/mnt/c/workspace/teste_fullstack/config/boot.rb": [
        1,
        null,
        1,
        1
      ],
      "/mnt/c/workspace/teste_fullstack/config/environments/test.rb": [
        1,
        null,
        null,
        null,
        null,
        null,
        null,
        1,
        null,
        null,
        null,
        null,
        1,
        null,
        null,
        1,
        1,
        null,
        null,
        null,
        null,
        1,
        1,
        null,
        null,
        1,
        null,
        null,
        1,
        null,
        null,
        1,
        null,
        1,
        null,
        null,
        null,
        null,
        1,
        null,
        null,
        1,
        null,
        null,
        null,
        null
      ],
      "/mnt/c/workspace/teste_fullstack/config/initializers/application_controller_renderer.rb": [
        null,
        null,
        null,
        null,
        null,
        null,
        null,
        null
      ],
      "/mnt/c/workspace/teste_fullstack/config/initializers/assets.rb": [
        null,
        null,
        null,
        1,
        null,
        null,
        null,
        null,
        1,
        null,
        null,
        null,
        null,
        null
      ],
      "/mnt/c/workspace/teste_fullstack/config/initializers/backtrace_silencers.rb": [
        null,
        null,
        null,
        null,
        null,
        null,
        null
      ],
      "/mnt/c/workspace/teste_fullstack/config/initializers/content_security_policy.rb": [
        null,
        null,
        null,
        null,
        null,
        null,
        null,
        null,
        null,
        null,
        null,
        null,
        null,
        null,
        null,
        null,
        null,
        null,
        null,
        null,
        null,
        null,
        null,
        null,
        null
      ],
      "/mnt/c/workspace/teste_fullstack/config/initializers/cookies_serializer.rb": [
        null,
        null,
        null,
        null,
        1
      ],
      "/mnt/c/workspace/teste_fullstack/config/initializers/devise.rb": [
        null,
        null,
        null,
        null,
        1,
        null,
        null,
        null,
        null,
        null,
        null,
        null,
        null,
        null,
        null,
        null,
        null,
        null,
        null,
        null,
        1,
        null,
        null,
        null,
        null,
        null,
        null,
        null,
        null,
        null,
        null,
        null,
        1,
        null,
        null,
        null,
        null,
        null,
        null,
        null,
        null,
        null,
        null,
        null,
        null,
        null,
        null,
        null,
        null,
        null,
        null,
        null,
        null,
        null,
        1,
        null,
        null,
        null,
        null,
        1,
        null,
        null,
        null,
        null,
        null,
        null,
        null,
        null,
        null,
        null,
        null,
        null,
        null,
        null,
        null,
        null,
        null,
        null,
        null,
        null,
        null,
        null,
        null,
        null,
        null,
        null,
        null,
        null,
        null,
        null,
        1,
        null,
        null,
        null,
        null,
        null,
        null,
        null,
        null,
        null,
        null,
        null,
        null,
        null,
        null,
        null,
        null,
        null,
        null,
        null,
        null,
        null,
        null,
        1,
        null,
        null,
        null,
        null,
        null,
        null,
        null,
        null,
        null,
        null,
        null,
        null,
        null,
        null,
        null,
        null,
        null,
        null,
        null,
        null,
        null,
        null,
        null,
        null,
        null,
        null,
        null,
        null,
        null,
        null,
        null,
        null,
        null,
        1,
        null,
        null,
        null,
        null,
        null,
        null,
        null,
        null,
        null,
        1,
        null,
        null,
        null,
        null,
        null,
        null,
        null,
        null,
        null,
        null,
        1,
        null,
        null,
        null,
        null,
        1,
        null,
        null,
        null,
        null,
        null,
        null,
        null,
        null,
        null,
        null,
        null,
        null,
        null,
        null,
        null,
        null,
        null,
        null,
        null,
        null,
        null,
        null,
        null,
        null,
        null,
        null,
        null,
        null,
        null,
        null,
        null,
        null,
        null,
        null,
        null,
        null,
        null,
        null,
        null,
        null,
        1,
        null,
        null,
        null,
        null,
        null,
        null,
        null,
        null,
        null,
        null,
        null,
        null,
        null,
        null,
        null,
        null,
        null,
        null,
        null,
        null,
        null,
        null,
        null,
        null,
        null,
        null,
        null,
        null,
        null,
        null,
        null,
        null,
        null,
        null,
        null,
        null,
        null,
        null,
        null,
        null,
        null,
        1,
        null,
        null,
        null,
        null,
        null,
        null,
        null,
        null,
        null,
        null,
        null,
        null,
        null,
        null,
        null,
        null,
        null,
        null,
        null,
        null,
        null,
        null,
        null,
        null,
        null,
        null,
        null,
        null,
        null,
        null,
        null,
        null,
        null,
        null,
        null,
        null,
        null,
        null,
        null,
        null,
        null,
        null
      ],
      "/mnt/c/workspace/teste_fullstack/config/initializers/filter_parameter_logging.rb": [
        null,
        null,
        null,
        1
      ],
      "/mnt/c/workspace/teste_fullstack/config/initializers/inflections.rb": [
        null,
        null,
        null,
        null,
        null,
        null,
        null,
        null,
        null,
        null,
        null,
        null,
        null,
        null,
        null,
        null
      ],
      "/mnt/c/workspace/teste_fullstack/config/initializers/mime_types.rb": [
        null,
        null,
        null,
        null
      ],
      "/mnt/c/workspace/teste_fullstack/config/initializers/money.rb": [
        null,
        null,
        1,
        1,
        1,
        null,
        null,
        null,
        null,
        null,
        null,
        null,
        null,
        null,
        null,
        null,
        null
      ],
      "/mnt/c/workspace/teste_fullstack/config/initializers/pagy.rb": [
        1
      ],
      "/mnt/c/workspace/teste_fullstack/config/initializers/wrap_parameters.rb": [
        null,
        null,
        null,
        null,
        null,
        null,
        1,
        2,
        null,
        null,
        null,
        null,
        null,
        null
      ],
      "/mnt/c/workspace/teste_fullstack/spec/factories/categories.rb": [
        1,
        1,
        3,
        null,
        null
      ],
      "/mnt/c/workspace/teste_fullstack/spec/factories/gift_list_items.rb": [
        1,
        1,
        null,
        null,
        null
      ],
      "/mnt/c/workspace/teste_fullstack/spec/factories/gift_lists.rb": [
        1,
        1,
        2,
        null,
        null
      ],
      "/mnt/c/workspace/teste_fullstack/spec/factories/products.rb": [
        1,
        1,
        null,
        null,
        null
      ],
      "/mnt/c/workspace/teste_fullstack/spec/factories/stocks.rb": [
        1,
        1,
        null,
        null,
        null
      ],
      "/mnt/c/workspace/teste_fullstack/spec/factories/users.rb": [
        1,
        1,
        3,
        3,
        3,
        null,
        null
      ],
      "/mnt/c/workspace/teste_fullstack/config/routes.rb": [
        1,
        1,
        null,
        1,
        1,
        1,
        null,
        1,
        1,
        1,
        null,
        null,
        1,
        1,
        null,
        null,
        null
      ],
      "/mnt/c/workspace/teste_fullstack/app/models/user.rb": [
        1,
        1,
        null,
        null
      ],
      "/mnt/c/workspace/teste_fullstack/app/models/application_record.rb": [
        1,
        1,
        null
      ],
      "/mnt/c/workspace/teste_fullstack/app/helpers/application_helper.rb": [
        1,
        1,
        null,
        1,
        2,
        2,
        2,
        2,
        2,
        2,
        null,
        2,
        null,
        null
      ],
      "/mnt/c/workspace/teste_fullstack/app/helpers/dashboard_helper.rb": [
        1,
        null,
        1,
        null,
        1,
        1,
        null,
        1,
        null,
        1,
        2,
        2,
        null,
        1,
        null,
        null
      ],
      "/mnt/c/workspace/teste_fullstack/spec/support/controller_macros.rb": [
        null,
        null,
        1,
        1,
        1,
        1,
        null,
        null,
        null,
        1,
        1,
        1,
        null
      ],
      "/mnt/c/workspace/teste_fullstack/app/controllers/categories_controller.rb": [
        1,
        null
      ],
      "/mnt/c/workspace/teste_fullstack/app/controllers/application_controller.rb": [
        1,
        1,
        null
      ],
      "/mnt/c/workspace/teste_fullstack/spec/controllers/dashboard_controller_spec.rb": [
        1,
        null,
        1,
        2,
        1,
        2,
        null,
        2,
        null,
        1,
        null,
        1,
        1,
        1,
        null,
        null,
        null
      ],
      "/mnt/c/workspace/teste_fullstack/app/controllers/dashboard_controller.rb": [
        1,
        1,
        1,
        null,
        1,
        0,
        0,
        null,
        0,
        0,
        0,
        0,
        0,
        null,
        0,
        0,
        0,
        0,
        null,
        null,
        0,
        0,
        null,
        null,
        1,
        1,
        1,
        null,
        null,
        1,
        1,
        null,
        0,
        0,
        null,
        0,
        null,
        null,
        0,
        null,
        null,
        null
      ],
      "/mnt/c/workspace/teste_fullstack/app/controllers/base_controller.rb": [
        1,
        1,
        null
      ],
      "/mnt/c/workspace/teste_fullstack/spec/controllers/gift_lists_controller_spec.rb": [
        1,
        null,
        1,
        null,
        null
      ],
      "/mnt/c/workspace/teste_fullstack/app/controllers/gift_lists_controller.rb": [
        1,
        1,
        1,
        null,
        1,
        0,
        0,
        0,
        0,
        null,
        null,
        null,
        1,
        0,
        0,
        null,
        0,
        0,
        null,
        0,
        null,
        0,
        0,
        null,
        null,
        null,
        1,
        0,
        null,
        null,
        1,
        0,
        0,
        null,
        null,
        1,
        0,
        0,
        null,
        0,
        0,
        0,
        null,
        null,
        0,
        0,
        null,
        0,
        0,
        0,
        null,
        0,
        0,
        null,
        null,
        null,
        1,
        null,
        1,
        0,
        null,
        null,
        1,
        0,
        null,
        null
      ],
      "/mnt/c/workspace/teste_fullstack/spec/helpers/application_helper_spec.rb": [
        1,
        null,
        1,
        null,
        1,
        null,
        1,
        1,
        1,
        1,
        1,
        null,
        null,
        1,
        1,
        1,
        1,
        1,
        null,
        null,
        null
      ],
      "/mnt/c/workspace/teste_fullstack/spec/helpers/dashboard_helper_spec.rb": [
        1,
        null,
        1,
        null,
        1,
        2,
        2,
        2,
        null,
        1,
        1,
        1,
        null,
        null,
        null
      ],
      "/mnt/c/workspace/teste_fullstack/spec/models/category_spec.rb": [
        1,
        null,
        1,
        null,
        1,
        2,
        null,
        null,
        1,
        2,
        2,
        null,
        null,
        null
      ],
      "/mnt/c/workspace/teste_fullstack/app/models/category.rb": [
        1,
        1,
        1,
        1,
        null,
        1,
        1,
        null,
        1,
        1,
        null
      ],
      "/mnt/c/workspace/teste_fullstack/spec/models/gift_list_item_spec.rb": [
        1,
        null,
        1,
        1,
        2,
        null,
        null,
        1,
        2,
        null,
        null
      ],
      "/mnt/c/workspace/teste_fullstack/app/models/gift_list_item.rb": [
        1,
        1,
        1,
        null,
        1,
        null
      ],
      "/mnt/c/workspace/teste_fullstack/spec/models/gift_list_spec.rb": [
        1,
        null,
        1,
        null,
        1,
        2,
        2,
        null,
        null,
        null
      ],
      "/mnt/c/workspace/teste_fullstack/app/models/gift_list.rb": [
        1,
        1,
        1,
        null,
        1,
        null
      ],
      "/mnt/c/workspace/teste_fullstack/spec/models/product_spec.rb": [
        1,
        null,
        1,
        null,
        1,
        2,
        2,
        null,
        null,
        1,
        2,
        2,
        2,
        null,
        null
      ],
      "/mnt/c/workspace/teste_fullstack/app/models/product.rb": [
        1,
        1,
        1,
        null,
        1,
        1,
        null
      ],
      "/mnt/c/workspace/teste_fullstack/spec/models/stock_spec.rb": [
        1,
        null,
        1,
        1,
        2,
        null,
        null,
        1,
        2,
        2,
        null,
        null
      ],
      "/mnt/c/workspace/teste_fullstack/app/models/stock.rb": [
        1,
        1,
        null,
        1,
        1,
        null,
        1,
        1,
        1,
        null
      ]
    },
    "timestamp": 1565147019
  }
}
